[INFO ] 2024-04-21 20:01:50.897 ServerManager:21 - Starting appium server...
[FATAL] 2024-04-21 20:02:04.724 ServerManager:26 - Appium server not started. 
[INFO ] 2024-04-21 20:02:04.725 ServerManager:29 - Appium server started
[INFO ] 2024-04-21 20:02:04.779 DriverManager:29 - Initializing appium driver
[INFO ] 2024-04-21 20:02:04.828 PropertyManager:17 - Loading config properties
[INFO ] 2024-04-21 20:02:04.830 CapabilitiesManager:18 - Getting capabilities
[INFO ] 2024-04-21 20:02:04.834 CapabilitiesManager:28 - Path app android is /Users/itzayana_cam_car/IdeaProjects/AppiumCucumberFrameword/src/test/resources/apps/Android.apk
[INFO ] 2024-04-21 20:02:18.751 DriverManager:43 - Driver is initialized. 
[INFO ] 2024-04-21 20:02:22.593 BaseTest:77 - Login with: invalidUsername
[INFO ] 2024-04-21 20:02:24.507 BaseTest:77 - Password is: secret_sauce
[INFO ] 2024-04-21 20:02:25.258 BaseTest:60 - Press login button
[INFO ] 2024-04-21 20:02:26.567 BaseTest:104 - Error text is:  Username and password do not match any user in this service.
[INFO ] 2024-04-21 20:02:27.927 VideoManager:36 - Video path: Android_Xiaomi Note 10/Videos/Login with invalid username.mp4
[INFO ] 2024-04-21 20:02:29.652 BaseTest:77 - Login with: standard_user
[INFO ] 2024-04-21 20:02:31.099 BaseTest:77 - Password is: invalidPassword
[INFO ] 2024-04-21 20:02:32.332 BaseTest:60 - Press login button
[INFO ] 2024-04-21 20:02:32.942 BaseTest:104 - Error text is:  Username and password do not match any user in this service.
[INFO ] 2024-04-21 20:02:34.348 VideoManager:36 - Video path: Android_Xiaomi Note 10/Videos/Login with invalid password.mp4
[INFO ] 2024-04-21 20:02:36.070 BaseTest:77 - Login with: standard_user
[INFO ] 2024-04-21 20:02:37.929 BaseTest:77 - Password is: secret_sauce
[INFO ] 2024-04-21 20:02:38.636 BaseTest:60 - Press login button
[INFO ] 2024-04-21 20:02:40.762 BaseTest:104 - product page title is -  PRODUCTS
[INFO ] 2024-04-21 20:02:42.346 VideoManager:36 - Video path: Android_Xiaomi Note 10/Videos/Login with valid username and password.mp4
